{"/Users/luizcalixto/Documents/Estudo/XP_FARM/katas_CodeWars/7 kyu _square/index.js": {"path":"/Users/luizcalixto/Documents/Estudo/XP_FARM/katas_CodeWars/7 kyu _square/index.js","statementMap":{"0":{"start":{"line":2,"column":16},"end":{"line":2,"column":39}},"1":{"start":{"line":3,"column":2},"end":{"line":5,"column":3}},"2":{"start":{"line":4,"column":4},"end":{"line":4,"column":17}},"3":{"start":{"line":6,"column":2},"end":{"line":6,"column":14}},"4":{"start":{"line":8,"column":0},"end":{"line":10,"column":2}}},"fnMap":{"0":{"name":"squareNumber","decl":{"start":{"line":1,"column":9},"end":{"line":1,"column":21}},"loc":{"start":{"line":1,"column":30},"end":{"line":7,"column":1}},"line":1}},"branchMap":{"0":{"loc":{"start":{"line":3,"column":2},"end":{"line":5,"column":3}},"type":"if","locations":[{"start":{"line":3,"column":2},"end":{"line":5,"column":3}},{"start":{},"end":{}}],"line":3},"1":{"loc":{"start":{"line":3,"column":6},"end":{"line":3,"column":48}},"type":"binary-expr","locations":[{"start":{"line":3,"column":6},"end":{"line":3,"column":30}},{"start":{"line":3,"column":34},"end":{"line":3,"column":48}}],"line":3}},"s":{"0":4,"1":4,"2":3,"3":1,"4":1},"f":{"0":4},"b":{"0":[3,1],"1":[4,2]},"_coverageSchema":"1a1c01bbd47fc00a2c39e90264f33305004495a9","hash":"114c841b88771d5873805f581f334db11b6d91c7"}
}
